2023-12-18 10:21:43.903 pycharm[13756:482747] allVms required 1.8*,1.8+
2023-12-18 10:21:43.906 pycharm[13756:482754] Current Directory: /Users/robinshindelman/repos/LeetCode/DynamicProgramming
2023-12-18 10:21:43.906 pycharm[13756:482754] parseVMOptions: PYCHARM_VM_OPTIONS = (null)
2023-12-18 10:21:43.906 pycharm[13756:482754] fullFileName is: /Applications/PyCharm CE.app/Contents/bin/pycharm.vmoptions
2023-12-18 10:21:43.906 pycharm[13756:482754] fullFileName exists: /Applications/PyCharm CE.app/Contents/bin/pycharm.vmoptions
2023-12-18 10:21:43.906 pycharm[13756:482754] parseVMOptions: /Applications/PyCharm CE.app/Contents/bin/pycharm.vmoptions
2023-12-18 10:21:43.906 pycharm[13756:482754] parseVMOptions: /Applications/PyCharm CE.app.vmoptions
2023-12-18 10:21:43.909 pycharm[13756:482754] parseVMOptions: /Users/robinshindelman/Library/Application Support/JetBrains/PyCharmCE2023.1/pycharm.vmoptions
2023-12-18 10:21:43.910 pycharm[13756:482754] parseVMOptions: platform=18 user=1 file=/Users/robinshindelman/Library/Application Support/JetBrains/PyCharmCE2023.1/pycharm.vmoptions
CompileCommand: exclude com/intellij/openapi/vfs/impl/FilePartNodeRoot.trieDescend bool exclude = true
2023-12-18 10:21:44.199 pycharm[13756:482747] WARNING: Secure coding is not enabled for restorable state! Enable secure coding by implementing NSApplicationDelegate.applicationSupportsSecureRestorableState: and returning YES.
2023-12-18 10:21:44,305 [    183]   WARN - #c.i.u.m.MacOSApplicationProvider - No URL bundle (CFBundleURLTypes) is defined in the main bundle.
To be able to open external links, specify protocols in the app layout section of the build file.
Example: args.urlSchemes = ["your-protocol"] will handle following links: your-protocol://open?file=file&line=line
2023-12-18 10:21:44,586 [    464]   WARN - #c.i.o.a.i.ActionManagerImpl - keymap "Visual Studio" not found PluginDescriptor(name=IDEA CORE, id=com.intellij, descriptorPath=plugin.xml, path=/Applications/PyCharm CE.app/Contents/lib, version=231.9225.15, package=com.intellij.feedback, isBundled=true)
2023-12-18 10:21:44,589 [    467]   WARN - #c.i.o.a.i.ActionManagerImpl - keymap "Eclipse" not found PluginDescriptor(name=IDEA CORE, id=com.intellij, descriptorPath=plugin.xml, path=/Applications/PyCharm CE.app/Contents/lib, version=231.9225.15, package=com.intellij.feedback, isBundled=true)
2023-12-18 10:21:44,589 [    467]   WARN - #c.i.o.a.i.ActionManagerImpl - keymap "NetBeans 6.5" not found PluginDescriptor(name=IDEA CORE, id=com.intellij, descriptorPath=plugin.xml, path=/Applications/PyCharm CE.app/Contents/lib, version=231.9225.15, package=com.intellij.feedback, isBundled=true)
2023-12-18 10:21:44,590 [    468]   WARN - #c.i.o.a.i.ActionManagerImpl - keymap "Visual Studio" not found PluginDescriptor(name=IDEA CORE, id=com.intellij, descriptorPath=plugin.xml, path=/Applications/PyCharm CE.app/Contents/lib, version=231.9225.15, package=com.intellij.feedback, isBundled=true)
2023-12-18 10:21:44,596 [    474]   WARN - #c.i.o.a.i.ActionManagerImpl - keymap "Eclipse (Mac OS X)" not found PluginDescriptor(name=IDEA CORE, id=com.intellij, descriptorPath=plugin.xml, path=/Applications/PyCharm CE.app/Contents/lib, version=231.9225.15, package=com.intellij.feedback, isBundled=true)
2023-12-18 10:21:44,612 [    490]   WARN - #c.i.o.a.i.ActionManagerImpl - keymap "VSCode" not found PluginDescriptor(name=Terminal, id=org.jetbrains.plugins.terminal, descriptorPath=plugin.xml, path=/Applications/PyCharm CE.app/Contents/plugins/terminal, version=231.9225.15, package=null, isBundled=true)
2023-12-18 10:21:44,612 [    490]   WARN - #c.i.o.a.i.ActionManagerImpl - keymap "VSCode OSX" not found PluginDescriptor(name=Terminal, id=org.jetbrains.plugins.terminal, descriptorPath=plugin.xml, path=/Applications/PyCharm CE.app/Contents/plugins/terminal, version=231.9225.15, package=null, isBundled=true)
2023-12-18 10:21:44,627 [    505]   WARN - #c.i.o.a.i.ActionManagerImpl - keymap "Eclipse" not found PluginDescriptor(name=GitHub, id=org.jetbrains.plugins.github, descriptorPath=plugin.xml, path=/Applications/PyCharm CE.app/Contents/plugins/vcs-github, version=231.9225.15, package=org.jetbrains.plugins.github, isBundled=true)
2023-12-18 10:21:44,628 [    506]   WARN - #c.i.o.a.i.ActionManagerImpl - keymap "Eclipse (Mac OS X)" not found PluginDescriptor(name=GitHub, id=org.jetbrains.plugins.github, descriptorPath=plugin.xml, path=/Applications/PyCharm CE.app/Contents/plugins/vcs-github, version=231.9225.15, package=org.jetbrains.plugins.github, isBundled=true)
2023-12-18 10:21:44,629 [    507]   WARN - #c.i.o.a.i.ActionManagerImpl - keymap "Eclipse (Mac OS X)" not found PluginDescriptor(name=GitHub, id=org.jetbrains.plugins.github, descriptorPath=plugin.xml, path=/Applications/PyCharm CE.app/Contents/plugins/vcs-github, version=231.9225.15, package=org.jetbrains.plugins.github, isBundled=true)
2023-12-18 10:21:44,642 [    520]   WARN - #c.i.o.a.i.ActionManagerImpl - keymap "Eclipse" not found PluginDescriptor(name=Space, id=com.jetbrains.space, moduleName=intellij.space.vcs, descriptorPath=intellij.space.vcs.xml, path=/Applications/PyCharm CE.app/Contents/plugins/space, version=231.9225.15, package=com.intellij.space.vcs, isBundled=true)
2023-12-18 10:21:44,646 [    524]   WARN - #c.i.o.a.i.ActionManagerImpl - keymap "Eclipse (Mac OS X)" not found PluginDescriptor(name=Space, id=com.jetbrains.space, moduleName=intellij.space.vcs, descriptorPath=intellij.space.vcs.xml, path=/Applications/PyCharm CE.app/Contents/plugins/space, version=231.9225.15, package=com.intellij.space.vcs, isBundled=true)
2023-12-18 10:21:44,646 [    524]   WARN - #c.i.o.a.i.ActionManagerImpl - keymap "Eclipse (Mac OS X)" not found PluginDescriptor(name=Space, id=com.jetbrains.space, moduleName=intellij.space.vcs, descriptorPath=intellij.space.vcs.xml, path=/Applications/PyCharm CE.app/Contents/plugins/space, version=231.9225.15, package=com.intellij.space.vcs, isBundled=true)
2023-12-18 10:21:44,651 [    529]   WARN - #c.i.o.a.i.ActionManagerImpl - keymap "Eclipse" not found PluginDescriptor(name=Python Community Edition, id=PythonCore, descriptorPath=plugin.xml, path=/Applications/PyCharm CE.app/Contents/plugins/python-ce, version=231.9225.15, package=null, isBundled=true)
2023-12-18 10:21:44,654 [    532]   WARN - #c.i.o.a.i.ActionManagerImpl - keymap "NetBeans 6.5" not found PluginDescriptor(name=Python Community Edition, id=PythonCore, descriptorPath=plugin.xml, path=/Applications/PyCharm CE.app/Contents/plugins/python-ce, version=231.9225.15, package=null, isBundled=true)
2023-12-18 10:21:45,070 [    948]   WARN - #c.i.o.v.n.p.l.VfsLog - VFS Log version differs from the implementation version: log null vs implementation -43
2023-12-18 10:21:45,146 [   1024]   WARN - #c.i.u.n.s.ConfirmingTrustManager - Received an empty list of custom trusted root certificates from the system. Check log above for possible errors, enable debug logging in category 'org.jetbrains.nativecerts' for more information
2023-12-18 10:21:45,239 [   1117]   WARN - #c.i.e.t.TargetBasedSdks - SDK target configuration data is absent
2023-12-18 10:21:45,248 [   1126]   WARN - #c.i.e.t.TargetBasedSdks - SDK target configuration data is absent
2023-12-18 10:21:45,254 [   1132]   WARN - #c.j.p.PluginClassPathRuntimeCustomizer - There was more than one class loaded in Projector Plugin classloader - this is likely a bug!
Info  | RdCoroutineScope          | 15:DefaultDispatcher-worker-4 | RdCoroutineHost overridden 
2023-12-18 10:21:52,035 [   7913]   WARN - #c.j.p.s.s.PySkeletonRefresher - Some skeletons failed to generate
2023-12-18 10:21:52,035 [   7913]   WARN - #c.j.p.s.s.PySkeletonRefresher - MapKit._MapKit
2023-12-18 10:21:52,035 [   7913]   WARN - #c.j.p.s.s.PySkeletonRefresher - MapKit._inlines
2023-12-18 10:21:52,035 [   7913]   WARN - #c.j.p.s.s.PySkeletonRefresher - numpy.core._umath_tests
2023-12-18 10:22:02,892 [  18770]   WARN - #c.i.i.s.download - Shared indexes download was cancelled. Indexing has completed faster
2023-12-18 10:23:42,576 [ 118454]   WARN - #c.i.u.x.Binding - no accessors for com.intellij.openapi.projectRoots.Sdk
2023-12-18 10:36:27,831 [ 883709]   WARN - #c.i.o.k.i.u.ActionsTree - Template presentation is not defined for 'CallLabelAction' - showing internal ID in UI
2023-12-18 10:36:27,832 [ 883710]   WARN - #c.i.o.k.i.u.ActionsTree - Template presentation is not defined for 'EnableMicrophoneAction' - showing internal ID in UI
2023-12-18 10:36:27,832 [ 883710]   WARN - #c.i.o.k.i.u.ActionsTree - Template presentation is not defined for 'EnableCameraAction' - showing internal ID in UI
2023-12-18 10:36:27,833 [ 883711]   WARN - #c.i.o.k.i.u.ActionsTree - Template presentation is not defined for 'EnableScreenSharingAction' - showing internal ID in UI
2023-12-18 10:36:27,833 [ 883711]   WARN - #c.i.o.k.i.u.ActionsTree - Template presentation is not defined for 'CodeWithMeUsersAction' - showing internal ID in UI
2023-12-18 10:36:27,834 [ 883712]   WARN - #c.i.o.k.i.u.ActionsTree - Template presentation is not defined for 'EnableVoiceCallAction' - showing internal ID in UI
2023-12-18 10:36:27,836 [ 883714]   WARN - #c.i.o.k.i.u.ActionsTree - Template presentation is not defined for 'ForwardPortAction' - showing internal ID in UI
2023-12-18 10:36:27,837 [ 883715]   WARN - #c.i.o.k.i.u.ActionsTree - Template presentation is not defined for 'ForwardPortAndNavigateInBrowser' - showing internal ID in UI
2023-12-18 10:36:27,837 [ 883715]   WARN - #c.i.o.k.i.u.ActionsTree - Template presentation is not defined for 'StopForwardingAction' - showing internal ID in UI
2023-12-18 10:36:27,837 [ 883715]   WARN - #c.i.o.k.i.u.ActionsTree - Template presentation is not defined for 'NavigateInBrowser' - showing internal ID in UI
2023-12-18 10:36:27,913 [ 883791]   WARN - #c.i.o.a.ActionStub - ActionGroup should be registered using <group> tag: id="WelcomeScreen.CreateDirectoryProject" class="com.jetbrains.python.newProject.steps.PyCharmNewProjectStep"
2023-12-18 10:36:27,919 [ 883797]   WARN - #c.i.o.k.i.u.ActionsTree - Template presentation is not defined for 'Qodana.OpenQodanaCloudReportAction' - showing internal ID in UI
2023-12-18 10:36:27,919 [ 883797]   WARN - #c.i.o.k.i.u.ActionsTree - Template presentation is not defined for 'Qodana.OpenQodanaCloudSettingsAction' - showing internal ID in UI
2023-12-18 10:36:27,919 [ 883797]   WARN - #c.i.o.k.i.u.ActionsTree - Template presentation is not defined for 'Qodana.SarifFileReportAction' - showing internal ID in UI
2023-12-18 10:36:27,920 [ 883798]   WARN - #c.i.o.k.i.u.ActionsTree - Template presentation is not defined for 'Qodana.ProblemsView.Login' - showing internal ID in UI
2023-12-18 10:36:27,922 [ 883800]   WARN - #c.i.o.k.i.u.ActionsTree - Template presentation is not defined for 'SettingsSyncSeparator' - showing internal ID in UI
2023-12-18 10:36:27,948 [ 883826]   WARN - #c.i.o.k.i.u.ActionsTree - Template presentation is not defined for 'InactiveStopActionPlaceholder' - showing internal ID in UI
2023-12-18 10:40:42,928 [1138806]   WARN - #c.j.p.d.p.MultiProcessDebugger - Socket closed
java.net.SocketException: Socket closed
	at java.base/sun.nio.ch.NioSocketImpl.endAccept(NioSocketImpl.java:689)
	at java.base/sun.nio.ch.NioSocketImpl.accept(NioSocketImpl.java:762)
	at java.base/java.net.ServerSocket.implAccept(ServerSocket.java:675)
	at java.base/java.net.ServerSocket.platformImplAccept(ServerSocket.java:641)
	at java.base/java.net.ServerSocket.implAccept(ServerSocket.java:617)
	at java.base/java.net.ServerSocket.implAccept(ServerSocket.java:574)
	at java.base/java.net.ServerSocket.accept(ServerSocket.java:532)
	at com.jetbrains.python.debugger.pydev.transport.ServerModeDebuggerTransport.waitForConnect(ServerModeDebuggerTransport.java:39)
	at com.jetbrains.python.debugger.pydev.RemoteDebugger.waitForConnect(RemoteDebugger.java:118)
	at com.jetbrains.python.debugger.pydev.MultiProcessDebugger$DebuggerProcessAcceptor.run(MultiProcessDebugger.java:529)
	at com.intellij.openapi.application.impl.ApplicationImpl$1.run(ApplicationImpl.java:252)
	at java.base/java.util.concurrent.Executors$RunnableAdapter.call(Executors.java:539)
	at java.base/java.util.concurrent.FutureTask.run(FutureTask.java:264)
	at java.base/java.util.concurrent.ThreadPoolExecutor.runWorker(ThreadPoolExecutor.java:1136)
	at java.base/java.util.concurrent.ThreadPoolExecutor$Worker.run(ThreadPoolExecutor.java:635)
	at java.base/java.util.concurrent.Executors$PrivilegedThreadFactory$1$1.run(Executors.java:702)
	at java.base/java.util.concurrent.Executors$PrivilegedThreadFactory$1$1.run(Executors.java:699)
	at java.base/java.security.AccessController.doPrivileged(AccessController.java:399)
	at java.base/java.util.concurrent.Executors$PrivilegedThreadFactory$1.run(Executors.java:699)
	at java.base/java.lang.Thread.run(Thread.java:833)
2023-12-18 10:43:59,241 [1335119]   WARN - #git4idea.status.GitStagingAreaHolder - Ignoring change under another root: GitFileStatus(index=A, workTree= , path=/Users/robinshindelman/repos/LeetCode/.DS_Store, origPath=null); root: file:///Users/robinshindelman/repos/LeetCode; mapped root: null
2023-12-18 12:08:51,624 [6427502]   WARN - #c.j.p.d.p.MultiProcessDebugger - Accept timed out
java.net.SocketTimeoutException: Accept timed out
	at java.base/sun.nio.ch.NioSocketImpl.timedAccept(NioSocketImpl.java:708)
	at java.base/sun.nio.ch.NioSocketImpl.accept(NioSocketImpl.java:752)
	at java.base/java.net.ServerSocket.implAccept(ServerSocket.java:675)
	at java.base/java.net.ServerSocket.platformImplAccept(ServerSocket.java:641)
	at java.base/java.net.ServerSocket.implAccept(ServerSocket.java:617)
	at java.base/java.net.ServerSocket.implAccept(ServerSocket.java:574)
	at java.base/java.net.ServerSocket.accept(ServerSocket.java:532)
	at com.jetbrains.python.debugger.pydev.transport.ServerModeDebuggerTransport.waitForConnect(ServerModeDebuggerTransport.java:39)
	at com.jetbrains.python.debugger.pydev.RemoteDebugger.waitForConnect(RemoteDebugger.java:118)
	at com.jetbrains.python.debugger.pydev.MultiProcessDebugger$DebuggerProcessAcceptor.run(MultiProcessDebugger.java:529)
	at com.intellij.openapi.application.impl.ApplicationImpl$1.run(ApplicationImpl.java:252)
	at java.base/java.util.concurrent.Executors$RunnableAdapter.call(Executors.java:539)
	at java.base/java.util.concurrent.FutureTask.run(FutureTask.java:264)
	at java.base/java.util.concurrent.ThreadPoolExecutor.runWorker(ThreadPoolExecutor.java:1136)
	at java.base/java.util.concurrent.ThreadPoolExecutor$Worker.run(ThreadPoolExecutor.java:635)
	at java.base/java.util.concurrent.Executors$PrivilegedThreadFactory$1$1.run(Executors.java:702)
	at java.base/java.util.concurrent.Executors$PrivilegedThreadFactory$1$1.run(Executors.java:699)
	at java.base/java.security.AccessController.doPrivileged(AccessController.java:399)
	at java.base/java.util.concurrent.Executors$PrivilegedThreadFactory$1.run(Executors.java:699)
	at java.base/java.lang.Thread.run(Thread.java:833)
